2026-02-12 20:09:03 INFO Iteration start
2026-02-12 20:09:04 INFO Found 0 links
2026-02-12 20:09:04 INFO Iteration finished: saved 0
2026-02-12 20:10:40 INFO Iteration start
2026-02-12 20:10:40 INFO Found 23 links
2026-02-12 20:10:42 INFO Stop iteration: older than 2026-02-10T20:10:40.587044
2026-02-12 20:10:42 INFO Iteration finished: saved 0
2026-02-12 20:11:23 INFO Iteration start
2026-02-12 20:11:24 INFO Found 23 links
2026-02-12 20:11:49 INFO Iteration start
2026-02-12 20:11:50 INFO Found 23 links
2026-02-12 20:11:52 INFO Stop iteration: duplicate header
2026-02-12 20:11:52 INFO Iteration finished: saved 0
2026-02-12 20:12:07 INFO Stop iteration: older than 2026-02-10T20:11:24.905837
2026-02-12 20:12:07 INFO Iteration finished: saved 20
2026-02-12 20:19:23 INFO Iteration start
2026-02-12 20:19:23 INFO Found 23 links
2026-02-12 20:20:00 INFO Stop iteration: older than 2026-02-10T20:19:23.757575
2026-02-12 20:20:00 INFO Iteration finished: saved 20
2026-02-12 20:24:42 INFO Iteration start
2026-02-12 20:24:43 INFO Found 23 links
2026-02-12 20:26:12 INFO Stop iteration: older than 2026-02-10T20:24:43.790398
2026-02-12 20:26:12 INFO Iteration finished: saved 20
2026-02-12 20:26:26 INFO Iteration start
2026-02-12 20:26:27 INFO Found 23 links
2026-02-12 20:27:03 INFO Stop iteration: older than 2026-02-10T20:26:27.340444
2026-02-12 20:27:03 INFO Iteration finished: saved 20
2026-02-12 20:28:47 INFO Iteration start
2026-02-12 20:28:48 INFO Found 23 links
2026-02-12 20:29:22 INFO Stop iteration: older than 2026-02-10T20:28:48.142455
2026-02-12 20:29:22 INFO Iteration finished: saved 20
2026-02-12 20:57:09 INFO Iteration start
2026-02-12 20:57:10 INFO Found 23 links
2026-02-12 20:57:48 INFO Stop iteration: older than 2026-02-10T20:57:10.288725
2026-02-12 20:57:48 INFO Iteration finished: saved 20
2026-02-12 21:35:04 INFO Iteration start
2026-02-12 21:35:04 INFO Found 23 links
2026-02-12 21:35:44 INFO Stop iteration: older than 2026-02-10T21:35:04.834515
2026-02-12 21:35:44 INFO Iteration finished: saved 20
2026-02-16 23:37:37 INFO Iteration start
2026-02-16 23:37:38 INFO Found 23 links
2026-02-16 23:37:58 INFO Stop iteration: older than 2026-02-14T23:37:38.107210
2026-02-16 23:37:58 INFO Iteration finished: saved 11
2026-02-16 23:52:30 INFO Iteration start
2026-02-16 23:52:31 INFO Found 23 links
2026-02-16 23:52:51 INFO Stop iteration: older than 2026-02-14T23:52:31.103966
2026-02-16 23:52:51 INFO Iteration finished: saved 11
2026-02-16 23:59:24 INFO Iteration start
2026-02-16 23:59:29 INFO Found 200 links
2026-02-17 00:05:21 INFO Iteration finished: saved 200
